# JRE version: OpenJDK Runtime Environment (8.0_212) (build 1.8.0_212-release-1586-b4-5784211)
# Java VM: OpenJDK 64-Bit Server VM (25.212-b4-5784211 mixed mode bsd-amd64 compressed oops)
Heap:
 PSYoungGen      total 308736K, used 308728K [0x00000007a0000000, 0x00000007b6000000, 0x00000007c0000000)
  eden space 279040K, 100% used [0x00000007a0000000,0x00000007b1080000,0x00000007b1080000)
  from space 29696K, 99% used [0x00000007b3680000,0x00000007b537e1c8,0x00000007b5380000)
  to   space 38912K, 99% used [0x00000007b1080000,0x00000007b367f6a8,0x00000007b3680000)
 ParOldGen       total 169472K, used 52884K [0x0000000760000000, 0x000000076a580000, 0x00000007a0000000)
  object space 169472K, 31% used [0x0000000760000000,0x00000007633a5250,0x000000076a580000)
 Metaspace       used 83387K, capacity 87290K, committed 87592K, reserved 1124352K
  class space    used 10964K, capacity 11743K, committed 11816K, reserved 1048576K
GC Heap History (10 events):
Event: 9.429 GC heap after
Heap after GC invocations=9 (full 2):
 PSYoungGen      total 203776K, used 16364K [0x00000007a0000000, 0x00000007b2200000, 0x00000007c0000000)
  eden space 187392K, 0% used [0x00000007a0000000,0x00000007a0000000,0x00000007ab700000)
  from space 16384K, 99% used [0x00000007ab700000,0x00000007ac6fb2a8,0x00000007ac700000)
  to   space 22528K, 0% used [0x00000007b0c00000,0x00000007b0c00000,0x00000007b2200000)
 ParOldGen       total 114688K, used 25882K [0x0000000760000000, 0x0000000767000000, 0x00000007a0000000)
  object space 114688K, 22% used [0x0000000760000000,0x0000000761946888,0x0000000767000000)
 Metaspace       used 49681K, capacity 51152K, committed 51368K, reserved 1093632K
  class space    used 6647K, capacity 7032K, committed 7080K, reserved 1048576K
}
Event: 10.749 GC heap before
{Heap before GC invocations=10 (full 2):
 PSYoungGen      total 203776K, used 107307K [0x00000007a0000000, 0x00000007b2200000, 0x00000007c0000000)
  eden space 187392K, 48% used [0x00000007a0000000,0x00000007a58cfb58,0x00000007ab700000)
  from space 16384K, 99% used [0x00000007ab700000,0x00000007ac6fb2a8,0x00000007ac700000)
  to   space 22528K, 0% used [0x00000007b0c00000,0x00000007b0c00000,0x00000007b2200000)
 ParOldGen       total 114688K, used 25882K [0x0000000760000000, 0x0000000767000000, 0x00000007a0000000)
  object space 114688K, 22% used [0x0000000760000000,0x0000000761946888,0x0000000767000000)
 Metaspace       used 57070K, capacity 59062K, committed 59160K, reserved 1099776K
  class space    used 7819K, capacity 8286K, committed 8360K, reserved 1048576K
Event: 10.786 GC heap after
Heap after GC invocations=10 (full 2):
 PSYoungGen      total 270848K, used 22515K [0x00000007a0000000, 0x00000007b3500000, 0x00000007c0000000)
  eden space 248320K, 0% used [0x00000007a0000000,0x00000007a0000000,0x00000007af280000)
  from space 22528K, 99% used [0x00000007b0c00000,0x00000007b21fcd60,0x00000007b2200000)
  to   space 26112K, 0% used [0x00000007af280000,0x00000007af280000,0x00000007b0c00000)
 ParOldGen       total 114688K, used 25912K [0x0000000760000000, 0x0000000767000000, 0x00000007a0000000)
  object space 114688K, 22% used [0x0000000760000000,0x000000076194e370,0x0000000767000000)
 Metaspace       used 57070K, capacity 59062K, committed 59160K, reserved 1099776K
  class space    used 7819K, capacity 8286K, committed 8360K, reserved 1048576K
}
Event: 10.786 GC heap before
{Heap before GC invocations=11 (full 3):
 PSYoungGen      total 270848K, used 22515K [0x00000007a0000000, 0x00000007b3500000, 0x00000007c0000000)
  eden space 248320K, 0% used [0x00000007a0000000,0x00000007a0000000,0x00000007af280000)
  from space 22528K, 99% used [0x00000007b0c00000,0x00000007b21fcd60,0x00000007b2200000)
  to   space 26112K, 0% used [0x00000007af280000,0x00000007af280000,0x00000007b0c00000)
 ParOldGen       total 114688K, used 25912K [0x0000000760000000, 0x0000000767000000, 0x00000007a0000000)
  object space 114688K, 22% used [0x0000000760000000,0x000000076194e370,0x0000000767000000)
 Metaspace       used 57070K, capacity 59062K, committed 59160K, reserved 1099776K
  class space    used 7819K, capacity 8286K, committed 8360K, reserved 1048576K
Event: 11.070 GC heap after
Heap after GC invocations=11 (full 3):
 PSYoungGen      total 270848K, used 0K [0x00000007a0000000, 0x00000007b3500000, 0x00000007c0000000)
  eden space 248320K, 0% used [0x00000007a0000000,0x00000007a0000000,0x00000007af280000)
  from space 22528K, 0% used [0x00000007b0c00000,0x00000007b0c00000,0x00000007b2200000)
  to   space 26112K, 0% used [0x00000007af280000,0x00000007af280000,0x00000007b0c00000)
 ParOldGen       total 169472K, used 37997K [0x0000000760000000, 0x000000076a580000, 0x00000007a0000000)
  object space 169472K, 22% used [0x0000000760000000,0x000000076251b6b8,0x000000076a580000)
 Metaspace       used 57063K, capacity 59038K, committed 59160K, reserved 1099776K
  class space    used 7816K, capacity 8282K, committed 8360K, reserved 1048576K
}
Event: 23.475 GC heap before
{Heap before GC invocations=12 (full 3):
 PSYoungGen      total 270848K, used 248320K [0x00000007a0000000, 0x00000007b3500000, 0x00000007c0000000)
  eden space 248320K, 100% used [0x00000007a0000000,0x00000007af280000,0x00000007af280000)
  from space 22528K, 0% used [0x00000007b0c00000,0x00000007b0c00000,0x00000007b2200000)
  to   space 26112K, 0% used [0x00000007af280000,0x00000007af280000,0x00000007b0c00000)
 ParOldGen       total 169472K, used 37997K [0x0000000760000000, 0x000000076a580000, 0x00000007a0000000)
  object space 169472K, 22% used [0x0000000760000000,0x000000076251b6b8,0x000000076a580000)
 Metaspace       used 67936K, capacity 70706K, committed 70952K, reserved 1110016K
  class space    used 9382K, capacity 9991K, committed 10024K, reserved 1048576K
Event: 23.511 GC heap after
Heap after GC invocations=12 (full 3):
 PSYoungGen      total 274432K, used 25671K [0x00000007a0000000, 0x00000007b5380000, 0x00000007c0000000)
  eden space 248320K, 0% used [0x00000007a0000000,0x00000007a0000000,0x00000007af280000)
  from space 26112K, 98% used [0x00000007af280000,0x00000007b0b91dc8,0x00000007b0c00000)
  to   space 29696K, 0% used [0x00000007b3680000,0x00000007b3680000,0x00000007b5380000)
 ParOldGen       total 169472K, used 38005K [0x0000000760000000, 0x000000076a580000, 0x00000007a0000000)
  object space 169472K, 22% used [0x0000000760000000,0x000000076251d6b8,0x000000076a580000)
 Metaspace       used 67936K, capacity 70706K, committed 70952K, reserved 1110016K
  class space    used 9382K, capacity 9991K, committed 10024K, reserved 1048576K
}
Event: 47.396 GC heap before
{Heap before GC invocations=13 (full 3):
 PSYoungGen      total 274432K, used 273991K [0x00000007a0000000, 0x00000007b5380000, 0x00000007c0000000)
  eden space 248320K, 100% used [0x00000007a0000000,0x00000007af280000,0x00000007af280000)
  from space 26112K, 98% used [0x00000007af280000,0x00000007b0b91dc8,0x00000007b0c00000)
  to   space 29696K, 0% used [0x00000007b3680000,0x00000007b3680000,0x00000007b5380000)
 ParOldGen       total 169472K, used 38005K [0x0000000760000000, 0x000000076a580000, 0x00000007a0000000)
  object space 169472K, 22% used [0x0000000760000000,0x000000076251d6b8,0x000000076a580000)
 Metaspace       used 78866K, capacity 82494K, committed 82728K, reserved 1120256K
  class space    used 10511K, capacity 11263K, committed 11304K, reserved 1048576K
Event: 47.476 GC heap after
Heap after GC invocations=13 (full 3):
 PSYoungGen      total 308736K, used 29688K [0x00000007a0000000, 0x00000007b6000000, 0x00000007c0000000)
  eden space 279040K, 0% used [0x00000007a0000000,0x00000007a0000000,0x00000007b1080000)
  from space 29696K, 99% used [0x00000007b3680000,0x00000007b537e1c8,0x00000007b5380000)
  to   space 38912K, 0% used [0x00000007b1080000,0x00000007b1080000,0x00000007b3680000)
 ParOldGen       total 169472K, used 51388K [0x0000000760000000, 0x000000076a580000, 0x00000007a0000000)
  object space 169472K, 30% used [0x0000000760000000,0x000000076322f230,0x000000076a580000)
 Metaspace       used 78866K, capacity 82494K, committed 82728K, reserved 1120256K
  class space    used 10511K, capacity 11263K, committed 11304K, reserved 1048576K
}
Event: 2394.257 GC heap before
{Heap before GC invocations=14 (full 3):
 PSYoungGen      total 308736K, used 308728K [0x00000007a0000000, 0x00000007b6000000, 0x00000007c0000000)
  eden space 279040K, 100% used [0x00000007a0000000,0x00000007b1080000,0x00000007b1080000)
  from space 29696K, 99% used [0x00000007b3680000,0x00000007b537e1c8,0x00000007b5380000)
  to   space 38912K, 0% used [0x00000007b1080000,0x00000007b1080000,0x00000007b3680000)
 ParOldGen       total 169472K, used 51388K [0x0000000760000000, 0x000000076a580000, 0x00000007a0000000)
  object space 169472K, 30% used [0x0000000760000000,0x000000076322f230,0x000000076a580000)
 Metaspace       used 83387K, capacity 87290K, committed 87592K, reserved 1124352K
  class space    used 10964K, capacity 11743K, committed 11816K, reserved 1048576K

